c:\users\clara1\desktop\作业，课件\计算机图形学\实验\实验四\计算机图形学实验四\project1\opengl3dtransform\opengl3dtransform\debug\opengl3dtransform.pch
c:\users\clara1\desktop\作业，课件\计算机图形学\实验\实验四\计算机图形学实验四\project1\opengl3dtransform\opengl3dtransform\debug\vc120.pdb
c:\users\clara1\desktop\作业，课件\计算机图形学\实验\实验四\计算机图形学实验四\project1\opengl3dtransform\opengl3dtransform\debug\vc120.idb
c:\users\clara1\desktop\作业，课件\计算机图形学\实验\实验四\计算机图形学实验四\project1\opengl3dtransform\opengl3dtransform\debug\stdafx.obj
c:\users\clara1\desktop\作业，课件\计算机图形学\实验\实验四\计算机图形学实验四\project1\opengl3dtransform\opengl3dtransform\debug\carcball.obj
c:\users\clara1\desktop\作业，课件\计算机图形学\实验\实验四\计算机图形学实验四\project1\opengl3dtransform\opengl3dtransform\debug\childfrm.obj
c:\users\clara1\desktop\作业，课件\计算机图形学\实验\实验四\计算机图形学实验四\project1\opengl3dtransform\opengl3dtransform\debug\classview.obj
c:\users\clara1\desktop\作业，课件\计算机图形学\实验\实验四\计算机图形学实验四\project1\opengl3dtransform\opengl3dtransform\debug\fileview.obj
c:\users\clara1\desktop\作业，课件\计算机图形学\实验\实验四\计算机图形学实验四\project1\opengl3dtransform\opengl3dtransform\debug\mainfrm.obj
c:\users\clara1\desktop\作业，课件\计算机图形学\实验\实验四\计算机图形学实验四\project1\opengl3dtransform\opengl3dtransform\debug\opengl3dtransform.obj
c:\users\clara1\desktop\作业，课件\计算机图形学\实验\实验四\计算机图形学实验四\project1\opengl3dtransform\opengl3dtransform\debug\opengl3dtransformdoc.obj
c:\users\clara1\desktop\作业，课件\计算机图形学\实验\实验四\计算机图形学实验四\project1\opengl3dtransform\opengl3dtransform\debug\outputwnd.obj
c:\users\clara1\desktop\作业，课件\计算机图形学\实验\实验四\计算机图形学实验四\project1\opengl3dtransform\opengl3dtransform\debug\propertieswnd.obj
c:\users\clara1\desktop\作业，课件\计算机图形学\实验\实验四\计算机图形学实验四\project1\opengl3dtransform\opengl3dtransform\debug\viewtree.obj
c:\users\clara1\desktop\作业，课件\计算机图形学\实验\实验四\计算机图形学实验四\project1\opengl3dtransform\opengl3dtransform\debug\opengl3dtransformview.obj
c:\users\clara1\desktop\作业，课件\计算机图形学\实验\实验四\计算机图形学实验四\project1\opengl3dtransform\debug\opengl3dtransform.ilk
c:\users\clara1\desktop\作业，课件\计算机图形学\实验\实验四\计算机图形学实验四\project1\opengl3dtransform\debug\opengl3dtransform.exe
c:\users\clara1\desktop\作业，课件\计算机图形学\实验\实验四\计算机图形学实验四\project1\opengl3dtransform\debug\opengl3dtransform.pdb
c:\users\clara1\desktop\作业，课件\计算机图形学\实验\实验四\计算机图形学实验四\project1\opengl3dtransform\opengl3dtransform\debug\opengl3dtransform.res
c:\users\clara1\desktop\作业，课件\计算机图形学\实验\实验四\计算机图形学实验四\project1\opengl3dtransform\opengl3dtransform\debug\opengl3d.051f5356.tlog\cl.command.1.tlog
c:\users\clara1\desktop\作业，课件\计算机图形学\实验\实验四\计算机图形学实验四\project1\opengl3dtransform\opengl3dtransform\debug\opengl3d.051f5356.tlog\cl.read.1.tlog
c:\users\clara1\desktop\作业，课件\计算机图形学\实验\实验四\计算机图形学实验四\project1\opengl3dtransform\opengl3dtransform\debug\opengl3d.051f5356.tlog\cl.write.1.tlog
c:\users\clara1\desktop\作业，课件\计算机图形学\实验\实验四\计算机图形学实验四\project1\opengl3dtransform\opengl3dtransform\debug\opengl3d.051f5356.tlog\link.command.1.tlog
c:\users\clara1\desktop\作业，课件\计算机图形学\实验\实验四\计算机图形学实验四\project1\opengl3dtransform\opengl3dtransform\debug\opengl3d.051f5356.tlog\link.read.1.tlog
c:\users\clara1\desktop\作业，课件\计算机图形学\实验\实验四\计算机图形学实验四\project1\opengl3dtransform\opengl3dtransform\debug\opengl3d.051f5356.tlog\link.write.1.tlog
c:\users\clara1\desktop\作业，课件\计算机图形学\实验\实验四\计算机图形学实验四\project1\opengl3dtransform\opengl3dtransform\debug\opengl3d.051f5356.tlog\rc.command.1.tlog
c:\users\clara1\desktop\作业，课件\计算机图形学\实验\实验四\计算机图形学实验四\project1\opengl3dtransform\opengl3dtransform\debug\opengl3d.051f5356.tlog\rc.read.1.tlog
c:\users\clara1\desktop\作业，课件\计算机图形学\实验\实验四\计算机图形学实验四\project1\opengl3dtransform\opengl3dtransform\debug\opengl3d.051f5356.tlog\rc.write.1.tlog
